build/outputs/logs/manifest-merger-debug-report.txt
-- Merging decision tree log ---
manifest
ADDED from Android/Iswtmv102/AndroidManifest.xml:2:1-590:12
	package
		ADDED from Android/Iswtmv102/AndroidManifest.xml:3:11-39
		INJECTED from Android/Iswtmv102/AndroidManifest.xml
		INJECTED from Android/Iswtmv102/AndroidManifest.xml
	android:versionName
		ADDED from Android/Iswtmv102/AndroidManifest.xml:6:11-38
		INJECTED from Android/Iswtmv102/AndroidManifest.xml
		INJECTED from Android/Iswtmv102/AndroidManifest.xml
	android:versionCode
		ADDED from Android/Iswtmv102/AndroidManifest.xml:5:11-35
		INJECTED from Android/Iswtmv102/AndroidManifest.xml
		INJECTED from Android/Iswtmv102/AndroidManifest.xml
	xmlns:android
		ADDED from Android/Iswtmv102/AndroidManifest.xml:2:11-69
	android:installLocation
		ADDED from Android/Iswtmv102/AndroidManifest.xml:4:11-41
uses-sdk
ADDED from Android/Iswtmv102/AndroidManifest.xml:8:5-10:40
MERGED from [Iswtmv102:commonLib:unspecified] AndroidManifest.xml:7:5-9:41
MERGED from [com.jakewharton:butterknife:8.4.0] AndroidManifest.xml:5:5-43
MERGED from [com.android.support:appcompat-v7:19.0.1] AndroidManifest.xml:18:5-42
	android:targetSdkVersion
		ADDED from Android/Iswtmv102/AndroidManifest.xml:10:9-38
		INJECTED from Android/Iswtmv102/AndroidManifest.xml
		INJECTED from Android/Iswtmv102/AndroidManifest.xml
	android:minSdkVersion
		ADDED from Android/Iswtmv102/AndroidManifest.xml:9:9-35
		INJECTED from Android/Iswtmv102/AndroidManifest.xml
		INJECTED from Android/Iswtmv102/AndroidManifest.xml
uses-permission#android.permission.BLUETOOTH_ADMIN
ADDED from Android/Iswtmv102/AndroidManifest.xml:13:5-73
	android:name
		ADDED from Android/Iswtmv102/AndroidManifest.xml:13:22-71
uses-permission#android.permission.BLUETOOTH
ADDED from Android/Iswtmv102/AndroidManifest.xml:14:5-67
	android:name
		ADDED from Android/Iswtmv102/AndroidManifest.xml:14:22-65
uses-permission#android.permission.MOUNT_UNMOUNT_FILESYSTEMS
ADDED from Android/Iswtmv102/AndroidManifest.xml:15:5-83
	android:name
		ADDED from Android/Iswtmv102/AndroidManifest.xml:15:22-81
uses-permission#android.permission.WRITE_EXTERNAL_STORAGE
ADDED from Android/Iswtmv102/AndroidManifest.xml:16:5-80
	android:name
		ADDED from Android/Iswtmv102/AndroidManifest.xml:16:22-78
uses-permission#android.permission.RECEIVE_BOOT_COMPLETED
ADDED from Android/Iswtmv102/AndroidManifest.xml:17:5-80
	android:name
		ADDED from Android/Iswtmv102/AndroidManifest.xml:17:22-78
uses-permission#android.permission.INTERNET
ADDED from Android/Iswtmv102/AndroidManifest.xml:18:5-66
	android:name
		ADDED from Android/Iswtmv102/AndroidManifest.xml:18:22-64
uses-permission#android.permission.ACCESS_WIFI_STATE
ADDED from Android/Iswtmv102/AndroidManifest.xml:19:5-75
	android:name
		ADDED from Android/Iswtmv102/AndroidManifest.xml:19:22-73
uses-permission#android.permission.RESTART_PACKAGES
ADDED from Android/Iswtmv102/AndroidManifest.xml:20:5-74
	android:name
		ADDED from Android/Iswtmv102/AndroidManifest.xml:20:22-72
uses-permission#android.permission.GET_TASKS
ADDED from Android/Iswtmv102/AndroidManifest.xml:21:5-67
	android:name
		ADDED from Android/Iswtmv102/AndroidManifest.xml:21:22-65
uses-permission#android.permission.WRITE_SETTINGS
ADDED from Android/Iswtmv102/AndroidManifest.xml:22:5-72
	android:name
		ADDED from Android/Iswtmv102/AndroidManifest.xml:22:22-70
uses-permission#android.permission.ACCESS_NETWORK_STATE
ADDED from Android/Iswtmv102/AndroidManifest.xml:23:5-78
	android:name
		ADDED from Android/Iswtmv102/AndroidManifest.xml:23:22-76
uses-permission#android.permission.ACCESS_FINE_LOCATION
ADDED from Android/Iswtmv102/AndroidManifest.xml:24:5-78
	android:name
		ADDED from Android/Iswtmv102/AndroidManifest.xml:24:22-76
uses-permission#android.permission.DISABLE_KEYGUARD
ADDED from Android/Iswtmv102/AndroidManifest.xml:26:5-74
	android:name
		ADDED from Android/Iswtmv102/AndroidManifest.xml:26:22-72
uses-permission#android.permission.READ_PHONE_STATE
ADDED from Android/Iswtmv102/AndroidManifest.xml:29:5-74
	android:name
		ADDED from Android/Iswtmv102/AndroidManifest.xml:29:22-72
uses-permission#android.permission.READ_EXTERNAL_STORAGE
ADDED from Android/Iswtmv102/AndroidManifest.xml:30:5-79
	android:name
		ADDED from Android/Iswtmv102/AndroidManifest.xml:30:22-77
application
ADDED from Android/Iswtmv102/AndroidManifest.xml:32:5-588:19
MERGED from [Iswtmv102:commonLib:unspecified] AndroidManifest.xml:11:5-16:19
MERGED from [com.android.support:appcompat-v7:19.0.1] AndroidManifest.xml:19:5-20
	android:label
		ADDED from Android/Iswtmv102/AndroidManifest.xml:35:9-41
	android:allowBackup
		ADDED from Android/Iswtmv102/AndroidManifest.xml:34:9-35
	android:icon
		ADDED from [Iswtmv102:commonLib:unspecified] AndroidManifest.xml:13:9-45
	android:theme
		ADDED from [Iswtmv102:commonLib:unspecified] AndroidManifest.xml:15:9-40
	android:name
		ADDED from Android/Iswtmv102/AndroidManifest.xml:33:9-48
activity#com.icomp.Iswtmv10.v01c00.c00s000.C00S000_001Activity
ADDED from Android/Iswtmv102/AndroidManifest.xml:38:9-41:79
	android:label
		ADDED from Android/Iswtmv102/AndroidManifest.xml:40:13-45
	android:theme
		ADDED from Android/Iswtmv102/AndroidManifest.xml:41:13-77
	android:name
		ADDED from Android/Iswtmv102/AndroidManifest.xml:39:13-63
activity#com.icomp.Iswtmv10.v01c00.c00s000.C00S000_002Activity
ADDED from Android/Iswtmv102/AndroidManifest.xml:42:9-46:79
	android:label
		ADDED from Android/Iswtmv102/AndroidManifest.xml:44:13-45
	android:launchMode
		ADDED from Android/Iswtmv102/AndroidManifest.xml:45:13-44
	android:theme
		ADDED from Android/Iswtmv102/AndroidManifest.xml:46:13-77
	android:name
		ADDED from Android/Iswtmv102/AndroidManifest.xml:43:13-63
activity#com.icomp.Iswtmv10.v01c00.c00s000.C00S000_003Activity
ADDED from Android/Iswtmv102/AndroidManifest.xml:47:9-52:20
	android:label
		ADDED from Android/Iswtmv102/AndroidManifest.xml:49:13-45
	android:launchMode
		ADDED from Android/Iswtmv102/AndroidManifest.xml:50:13-44
	android:theme
		ADDED from Android/Iswtmv102/AndroidManifest.xml:51:13-77
	android:name
		ADDED from Android/Iswtmv102/AndroidManifest.xml:48:13-63
activity#com.icomp.Iswtmv10.v01c00.c00s000.C00S000_004Activity
ADDED from Android/Iswtmv102/AndroidManifest.xml:53:9-56:79
	android:label
		ADDED from Android/Iswtmv102/AndroidManifest.xml:55:13-45
	android:theme
		ADDED from Android/Iswtmv102/AndroidManifest.xml:56:13-77
	android:name
		ADDED from Android/Iswtmv102/AndroidManifest.xml:54:13-63
activity#com.icomp.Iswtmv10.v01c00.c00s000.C00S000_000Activity
ADDED from Android/Iswtmv102/AndroidManifest.xml:59:9-69:20
	android:label
		ADDED from Android/Iswtmv102/AndroidManifest.xml:61:13-45
	android:exported
		ADDED from Android/Iswtmv102/AndroidManifest.xml:63:13-36
	android:theme
		ADDED from Android/Iswtmv102/AndroidManifest.xml:62:13-77
	android:name
		ADDED from Android/Iswtmv102/AndroidManifest.xml:60:13-63
intent-filter#android.intent.action.MAIN+android.intent.category.LAUNCHER
ADDED from Android/Iswtmv102/AndroidManifest.xml:64:13-68:29
action#android.intent.action.MAIN
ADDED from Android/Iswtmv102/AndroidManifest.xml:65:17-68
	android:name
		ADDED from Android/Iswtmv102/AndroidManifest.xml:65:25-66
category#android.intent.category.LAUNCHER
ADDED from Android/Iswtmv102/AndroidManifest.xml:67:17-76
	android:name
		ADDED from Android/Iswtmv102/AndroidManifest.xml:67:27-74
receiver#com.icomp.Iswtmv10.v01c00.c00s000.BootBroadcastReceiver
ADDED from Android/Iswtmv102/AndroidManifest.xml:71:9-77:20
	android:name
		ADDED from Android/Iswtmv102/AndroidManifest.xml:71:19-71
intent-filter#android.intent.action.BOOT_COMPLETED+android.intent.category.HOME
ADDED from Android/Iswtmv102/AndroidManifest.xml:72:13-76:29
action#android.intent.action.BOOT_COMPLETED
ADDED from Android/Iswtmv102/AndroidManifest.xml:73:17-78
	android:name
		ADDED from Android/Iswtmv102/AndroidManifest.xml:73:25-76
category#android.intent.category.HOME
ADDED from Android/Iswtmv102/AndroidManifest.xml:75:17-72
	android:name
		ADDED from Android/Iswtmv102/AndroidManifest.xml:75:27-70
meta-data#UMENG_APPKEY
ADDED from Android/Iswtmv102/AndroidManifest.xml:87:9-89:55
	android:value
		ADDED from Android/Iswtmv102/AndroidManifest.xml:89:13-53
	android:name
		ADDED from Android/Iswtmv102/AndroidManifest.xml:88:13-40
activity#com.icomp.Iswtmv10.v01c01.c01s001.C01S001_001Activity
ADDED from Android/Iswtmv102/AndroidManifest.xml:91:9-95:20
	android:launchMode
		ADDED from Android/Iswtmv102/AndroidManifest.xml:93:13-44
	android:theme
		ADDED from Android/Iswtmv102/AndroidManifest.xml:94:13-77
	android:name
		ADDED from Android/Iswtmv102/AndroidManifest.xml:92:13-63
activity#com.icomp.Iswtmv10.v01c01.c01s001.c01s001_002Activity
ADDED from Android/Iswtmv102/AndroidManifest.xml:96:9-99:20
	android:theme
		ADDED from Android/Iswtmv102/AndroidManifest.xml:98:13-77
	android:name
		ADDED from Android/Iswtmv102/AndroidManifest.xml:97:13-63
activity#com.icomp.Iswtmv10.v01c01.c01s001.c01s001_003Activity
ADDED from Android/Iswtmv102/AndroidManifest.xml:100:9-103:20
	android:theme
		ADDED from Android/Iswtmv102/AndroidManifest.xml:102:13-77
	android:name
		ADDED from Android/Iswtmv102/AndroidManifest.xml:101:13-63
activity#com.icomp.Iswtmv10.v01c01.c01s002.C01S002_001Activity
ADDED from Android/Iswtmv102/AndroidManifest.xml:104:9-112:20
	android:theme
		ADDED from Android/Iswtmv102/AndroidManifest.xml:106:13-77
	android:name
		ADDED from Android/Iswtmv102/AndroidManifest.xml:105:13-63
activity#com.icomp.Iswtmv10.v01c01.c01s002.C01S005_102Activity
ADDED from Android/Iswtmv102/AndroidManifest.xml:113:9-115:79
	android:theme
		ADDED from Android/Iswtmv102/AndroidManifest.xml:115:13-77
	android:name
		ADDED from Android/Iswtmv102/AndroidManifest.xml:114:13-63
activity#com.icomp.Iswtmv10.v01c01.c01s002.C01S005_103Activity
ADDED from Android/Iswtmv102/AndroidManifest.xml:116:9-118:79
	android:theme
		ADDED from Android/Iswtmv102/AndroidManifest.xml:118:13-77
	android:name
		ADDED from Android/Iswtmv102/AndroidManifest.xml:117:13-63
activity#com.icomp.Iswtmv10.v01c01.c01s003.C01S003_001Activity
ADDED from Android/Iswtmv102/AndroidManifest.xml:119:9-123:20
	android:launchMode
		ADDED from Android/Iswtmv102/AndroidManifest.xml:121:13-44
	android:theme
		ADDED from Android/Iswtmv102/AndroidManifest.xml:122:13-77
	android:name
		ADDED from Android/Iswtmv102/AndroidManifest.xml:120:13-63
activity#com.icomp.Iswtmv10.v01c01.c01s003.C01S003_002Activity
ADDED from Android/Iswtmv102/AndroidManifest.xml:124:9-127:20
	android:theme
		ADDED from Android/Iswtmv102/AndroidManifest.xml:126:13-77
	android:name
		ADDED from Android/Iswtmv102/AndroidManifest.xml:125:13-63
activity#com.icomp.Iswtmv10.v01c01.c01s003.c01s003_003Activity
ADDED from Android/Iswtmv102/AndroidManifest.xml:128:9-131:20
	android:theme
		ADDED from Android/Iswtmv102/AndroidManifest.xml:130:13-77
	android:name
		ADDED from Android/Iswtmv102/AndroidManifest.xml:129:13-63
activity#com.icomp.Iswtmv10.v01c01.c01s004.C01S004_001Activity
ADDED from Android/Iswtmv102/AndroidManifest.xml:132:9-136:20
	android:launchMode
		ADDED from Android/Iswtmv102/AndroidManifest.xml:134:13-44
	android:theme
		ADDED from Android/Iswtmv102/AndroidManifest.xml:135:13-77
	android:name
		ADDED from Android/Iswtmv102/AndroidManifest.xml:133:13-63
activity#com.icomp.Iswtmv10.v01c01.c01s004.c01s004_002Activity
ADDED from Android/Iswtmv102/AndroidManifest.xml:137:9-140:20
	android:theme
		ADDED from Android/Iswtmv102/AndroidManifest.xml:139:13-77
	android:name
		ADDED from Android/Iswtmv102/AndroidManifest.xml:138:13-63
activity#com.icomp.Iswtmv10.v01c01.c01s004.c01s004_003Activity
ADDED from Android/Iswtmv102/AndroidManifest.xml:141:9-144:20
	android:theme
		ADDED from Android/Iswtmv102/AndroidManifest.xml:143:13-77
	android:name
		ADDED from Android/Iswtmv102/AndroidManifest.xml:142:13-63
activity#com.icomp.Iswtmv10.v01c01.c01s004.c01s004_004Activity
ADDED from Android/Iswtmv102/AndroidManifest.xml:145:9-148:20
	android:theme
		ADDED from Android/Iswtmv102/AndroidManifest.xml:147:13-77
	android:name
		ADDED from Android/Iswtmv102/AndroidManifest.xml:146:13-63
activity#com.icomp.Iswtmv10.v01c01.c01s005.C01S005_001Activity
ADDED from Android/Iswtmv102/AndroidManifest.xml:149:9-158:20
	android:launchMode
		ADDED from Android/Iswtmv102/AndroidManifest.xml:151:13-44
	android:theme
		ADDED from Android/Iswtmv102/AndroidManifest.xml:152:13-77
	android:name
		ADDED from Android/Iswtmv102/AndroidManifest.xml:150:13-63
activity#com.icomp.Iswtmv10.v01c01.c01s005.c01s005_002_1Activity
ADDED from Android/Iswtmv102/AndroidManifest.xml:159:9-163:20
	android:launchMode
		ADDED from Android/Iswtmv102/AndroidManifest.xml:161:13-44
	android:theme
		ADDED from Android/Iswtmv102/AndroidManifest.xml:162:13-77
	android:name
		ADDED from Android/Iswtmv102/AndroidManifest.xml:160:13-65
activity#com.icomp.Iswtmv10.v01c01.c01s005.c01s005_003_1Activity
ADDED from Android/Iswtmv102/AndroidManifest.xml:164:9-167:20
	android:theme
		ADDED from Android/Iswtmv102/AndroidManifest.xml:166:13-77
	android:name
		ADDED from Android/Iswtmv102/AndroidManifest.xml:165:13-65
activity#com.icomp.Iswtmv10.v01c01.c01s005.c01s005_004_1Activity
ADDED from Android/Iswtmv102/AndroidManifest.xml:168:9-171:20
	android:theme
		ADDED from Android/Iswtmv102/AndroidManifest.xml:170:13-77
	android:name
		ADDED from Android/Iswtmv102/AndroidManifest.xml:169:13-65
activity#com.icomp.Iswtmv10.v01c01.c01s005.c01s005_005Activity
ADDED from Android/Iswtmv102/AndroidManifest.xml:172:9-175:20
	android:theme
		ADDED from Android/Iswtmv102/AndroidManifest.xml:174:13-77
	android:name
		ADDED from Android/Iswtmv102/AndroidManifest.xml:173:13-63
activity#com.icomp.Iswtmv10.v01c01.c01s005.c01s005_002_2Activity
ADDED from Android/Iswtmv102/AndroidManifest.xml:176:9-180:20
	android:launchMode
		ADDED from Android/Iswtmv102/AndroidManifest.xml:178:13-44
	android:theme
		ADDED from Android/Iswtmv102/AndroidManifest.xml:179:13-77
	android:name
		ADDED from Android/Iswtmv102/AndroidManifest.xml:177:13-65
activity#com.icomp.Iswtmv10.v01c01.c01s005.c01s005_003_2Activity
ADDED from Android/Iswtmv102/AndroidManifest.xml:181:9-184:20
	android:theme
		ADDED from Android/Iswtmv102/AndroidManifest.xml:183:13-77
	android:name
		ADDED from Android/Iswtmv102/AndroidManifest.xml:182:13-65
activity#com.icomp.Iswtmv10.v01c01.c01s005.c01s005_002_3Activity
ADDED from Android/Iswtmv102/AndroidManifest.xml:185:9-189:20
	android:launchMode
		ADDED from Android/Iswtmv102/AndroidManifest.xml:187:13-44
	android:theme
		ADDED from Android/Iswtmv102/AndroidManifest.xml:188:13-77
	android:name
		ADDED from Android/Iswtmv102/AndroidManifest.xml:186:13-65
activity#com.icomp.Iswtmv10.v01c01.c01s005.c01s005_003_3Activity
ADDED from Android/Iswtmv102/AndroidManifest.xml:190:9-193:20
	android:theme
		ADDED from Android/Iswtmv102/AndroidManifest.xml:192:13-77
	android:name
		ADDED from Android/Iswtmv102/AndroidManifest.xml:191:13-65
activity#com.icomp.Iswtmv10.v01c01.c01s008.C01S008_001Activity
ADDED from Android/Iswtmv102/AndroidManifest.xml:194:9-198:20
	android:launchMode
		ADDED from Android/Iswtmv102/AndroidManifest.xml:196:13-44
	android:theme
		ADDED from Android/Iswtmv102/AndroidManifest.xml:197:13-77
	android:name
		ADDED from Android/Iswtmv102/AndroidManifest.xml:195:13-63
activity#com.icomp.Iswtmv10.v01c01.c01s008.c01s008_002Activity
ADDED from Android/Iswtmv102/AndroidManifest.xml:199:9-202:20
	android:theme
		ADDED from Android/Iswtmv102/AndroidManifest.xml:201:13-77
	android:name
		ADDED from Android/Iswtmv102/AndroidManifest.xml:200:13-63
activity#com.icomp.Iswtmv10.v01c01.c01s009.C01S009_002Activity
ADDED from Android/Iswtmv102/AndroidManifest.xml:203:9-207:20
	android:launchMode
		ADDED from Android/Iswtmv102/AndroidManifest.xml:205:13-44
	android:theme
		ADDED from Android/Iswtmv102/AndroidManifest.xml:206:13-77
	android:name
		ADDED from Android/Iswtmv102/AndroidManifest.xml:204:13-63
activity#com.icomp.Iswtmv10.v01c01.c01s009.C01S009_012Activity
ADDED from Android/Iswtmv102/AndroidManifest.xml:208:9-212:20
	android:launchMode
		ADDED from Android/Iswtmv102/AndroidManifest.xml:210:13-44
	android:theme
		ADDED from Android/Iswtmv102/AndroidManifest.xml:211:13-77
	android:name
		ADDED from Android/Iswtmv102/AndroidManifest.xml:209:13-63
activity#com.icomp.Iswtmv10.v01c01.c01s009.C01S009_013Activity
ADDED from Android/Iswtmv102/AndroidManifest.xml:213:9-217:20
	android:launchMode
		ADDED from Android/Iswtmv102/AndroidManifest.xml:215:13-44
	android:theme
		ADDED from Android/Iswtmv102/AndroidManifest.xml:216:13-77
	android:name
		ADDED from Android/Iswtmv102/AndroidManifest.xml:214:13-63
activity#com.icomp.Iswtmv10.v01c01.c01s010.C01S010_001Activity
ADDED from Android/Iswtmv102/AndroidManifest.xml:218:9-222:20
	android:launchMode
		ADDED from Android/Iswtmv102/AndroidManifest.xml:220:13-44
	android:theme
		ADDED from Android/Iswtmv102/AndroidManifest.xml:221:13-77
	android:name
		ADDED from Android/Iswtmv102/AndroidManifest.xml:219:13-63
activity#com.icomp.Iswtmv10.v01c01.c01s010.c01s010_002Activity
ADDED from Android/Iswtmv102/AndroidManifest.xml:223:9-226:20
	android:theme
		ADDED from Android/Iswtmv102/AndroidManifest.xml:225:13-77
	android:name
		ADDED from Android/Iswtmv102/AndroidManifest.xml:224:13-63
activity#com.icomp.Iswtmv10.v01c01.c01s010.c01s010_003Activity
ADDED from Android/Iswtmv102/AndroidManifest.xml:227:9-230:20
	android:theme
		ADDED from Android/Iswtmv102/AndroidManifest.xml:229:13-77
	android:name
		ADDED from Android/Iswtmv102/AndroidManifest.xml:228:13-63
activity#com.icomp.Iswtmv10.v01c01.c01s010.c01s010_004Activity
ADDED from Android/Iswtmv102/AndroidManifest.xml:231:9-234:20
	android:theme
		ADDED from Android/Iswtmv102/AndroidManifest.xml:233:13-77
	android:name
		ADDED from Android/Iswtmv102/AndroidManifest.xml:232:13-63
activity#com.icomp.Iswtmv10.v01c01.c01s011.C01S011_001Activity
ADDED from Android/Iswtmv102/AndroidManifest.xml:237:9-240:79
	android:label
		ADDED from Android/Iswtmv102/AndroidManifest.xml:239:13-45
	android:theme
		ADDED from Android/Iswtmv102/AndroidManifest.xml:240:13-77
	android:name
		ADDED from Android/Iswtmv102/AndroidManifest.xml:238:13-63
activity#com.icomp.Iswtmv10.v01c01.c01s011.C01S011_002Activity
ADDED from Android/Iswtmv102/AndroidManifest.xml:241:9-244:79
	android:label
		ADDED from Android/Iswtmv102/AndroidManifest.xml:243:13-45
	android:theme
		ADDED from Android/Iswtmv102/AndroidManifest.xml:244:13-77
	android:name
		ADDED from Android/Iswtmv102/AndroidManifest.xml:242:13-63
activity#com.icomp.Iswtmv10.v01c01.c01s011.C01S011_003Activity
ADDED from Android/Iswtmv102/AndroidManifest.xml:245:9-248:79
	android:label
		ADDED from Android/Iswtmv102/AndroidManifest.xml:247:13-45
	android:theme
		ADDED from Android/Iswtmv102/AndroidManifest.xml:248:13-77
	android:name
		ADDED from Android/Iswtmv102/AndroidManifest.xml:246:13-63
activity#com.icomp.Iswtmv10.v01c01.c01s013.C01S013_000Activity
ADDED from Android/Iswtmv102/AndroidManifest.xml:253:9-256:79
	android:label
		ADDED from Android/Iswtmv102/AndroidManifest.xml:255:13-45
	android:theme
		ADDED from Android/Iswtmv102/AndroidManifest.xml:256:13-77
	android:name
		ADDED from Android/Iswtmv102/AndroidManifest.xml:254:13-63
activity#com.icomp.Iswtmv10.v01c01.c01s013.C01S013_001Activity
ADDED from Android/Iswtmv102/AndroidManifest.xml:257:9-260:79
	android:label
		ADDED from Android/Iswtmv102/AndroidManifest.xml:259:13-45
	android:theme
		ADDED from Android/Iswtmv102/AndroidManifest.xml:260:13-77
	android:name
		ADDED from Android/Iswtmv102/AndroidManifest.xml:258:13-63
activity#com.icomp.Iswtmv10.v01c01.c01s013.C01S013_002Activity
ADDED from Android/Iswtmv102/AndroidManifest.xml:261:9-264:79
	android:label
		ADDED from Android/Iswtmv102/AndroidManifest.xml:263:13-45
	android:theme
		ADDED from Android/Iswtmv102/AndroidManifest.xml:264:13-77
	android:name
		ADDED from Android/Iswtmv102/AndroidManifest.xml:262:13-63
activity#com.icomp.Iswtmv10.v01c01.c01s013.C01S013_003Activity
ADDED from Android/Iswtmv102/AndroidManifest.xml:265:9-268:79
	android:label
		ADDED from Android/Iswtmv102/AndroidManifest.xml:267:13-45
	android:theme
		ADDED from Android/Iswtmv102/AndroidManifest.xml:268:13-77
	android:name
		ADDED from Android/Iswtmv102/AndroidManifest.xml:266:13-63
activity#com.icomp.Iswtmv10.v01c01.c01s013.C01S013_004Activity
ADDED from Android/Iswtmv102/AndroidManifest.xml:269:9-272:79
	android:label
		ADDED from Android/Iswtmv102/AndroidManifest.xml:271:13-45
	android:theme
		ADDED from Android/Iswtmv102/AndroidManifest.xml:272:13-77
	android:name
		ADDED from Android/Iswtmv102/AndroidManifest.xml:270:13-63
activity#com.icomp.Iswtmv10.v01c01.c01s013.C01S013_0021Activity
ADDED from Android/Iswtmv102/AndroidManifest.xml:273:9-276:79
	android:label
		ADDED from Android/Iswtmv102/AndroidManifest.xml:275:13-45
	android:theme
		ADDED from Android/Iswtmv102/AndroidManifest.xml:276:13-77
	android:name
		ADDED from Android/Iswtmv102/AndroidManifest.xml:274:13-64
activity#com.icomp.Iswtmv10.v01c01.c01s013.C01S013_0041Activity
ADDED from Android/Iswtmv102/AndroidManifest.xml:277:9-280:79
	android:label
		ADDED from Android/Iswtmv102/AndroidManifest.xml:279:13-45
	android:theme
		ADDED from Android/Iswtmv102/AndroidManifest.xml:280:13-77
	android:name
		ADDED from Android/Iswtmv102/AndroidManifest.xml:278:13-64
activity#com.icomp.Iswtmv10.v01c02.c02s001.C02S001_001Activity
ADDED from Android/Iswtmv102/AndroidManifest.xml:285:9-288:79
	android:label
		ADDED from Android/Iswtmv102/AndroidManifest.xml:287:13-45
	android:theme
		ADDED from Android/Iswtmv102/AndroidManifest.xml:288:13-77
	android:name
		ADDED from Android/Iswtmv102/AndroidManifest.xml:286:13-63
activity#com.icomp.Iswtmv10.v01c02.c02s002.C02S002_001Activity
ADDED from Android/Iswtmv102/AndroidManifest.xml:291:9-294:79
	android:label
		ADDED from Android/Iswtmv102/AndroidManifest.xml:293:13-45
	android:theme
		ADDED from Android/Iswtmv102/AndroidManifest.xml:294:13-77
	android:name
		ADDED from Android/Iswtmv102/AndroidManifest.xml:292:13-63
activity#com.icomp.Iswtmv10.v01c02.c02s003.C02S003_001Activity
ADDED from Android/Iswtmv102/AndroidManifest.xml:297:9-300:79
	android:label
		ADDED from Android/Iswtmv102/AndroidManifest.xml:299:13-45
	android:theme
		ADDED from Android/Iswtmv102/AndroidManifest.xml:300:13-77
	android:name
		ADDED from Android/Iswtmv102/AndroidManifest.xml:298:13-63
activity#com.icomp.Iswtmv10.v01c02.c02s004.C02S004_001Activity
ADDED from Android/Iswtmv102/AndroidManifest.xml:303:9-306:79
	android:label
		ADDED from Android/Iswtmv102/AndroidManifest.xml:305:13-45
	android:theme
		ADDED from Android/Iswtmv102/AndroidManifest.xml:306:13-77
	android:name
		ADDED from Android/Iswtmv102/AndroidManifest.xml:304:13-63
activity#com.icomp.Iswtmv10.v01c02.c02s005.C02S005_001Activity
ADDED from Android/Iswtmv102/AndroidManifest.xml:309:9-312:79
	android:label
		ADDED from Android/Iswtmv102/AndroidManifest.xml:311:13-45
	android:theme
		ADDED from Android/Iswtmv102/AndroidManifest.xml:312:13-77
	android:name
		ADDED from Android/Iswtmv102/AndroidManifest.xml:310:13-63
activity#com.icomp.Iswtmv10.v01c01.c01s015.C01S015_001Activity
ADDED from Android/Iswtmv102/AndroidManifest.xml:316:9-319:79
	android:label
		ADDED from Android/Iswtmv102/AndroidManifest.xml:318:13-45
	android:theme
		ADDED from Android/Iswtmv102/AndroidManifest.xml:319:13-77
	android:name
		ADDED from Android/Iswtmv102/AndroidManifest.xml:317:13-63
activity#com.icomp.Iswtmv10.v01c01.c01s015.C01S015_002Activity
ADDED from Android/Iswtmv102/AndroidManifest.xml:322:9-325:79
	android:label
		ADDED from Android/Iswtmv102/AndroidManifest.xml:324:13-45
	android:theme
		ADDED from Android/Iswtmv102/AndroidManifest.xml:325:13-77
	android:name
		ADDED from Android/Iswtmv102/AndroidManifest.xml:323:13-63
activity#com.icomp.Iswtmv10.v01c01.c01s015.C01S015_003Activity
ADDED from Android/Iswtmv102/AndroidManifest.xml:328:9-331:79
	android:label
		ADDED from Android/Iswtmv102/AndroidManifest.xml:330:13-45
	android:theme
		ADDED from Android/Iswtmv102/AndroidManifest.xml:331:13-77
	android:name
		ADDED from Android/Iswtmv102/AndroidManifest.xml:329:13-63
activity#com.icomp.Iswtmv10.v01c01.c01s017.C01S017_001Activity
ADDED from Android/Iswtmv102/AndroidManifest.xml:334:9-337:79
	android:label
		ADDED from Android/Iswtmv102/AndroidManifest.xml:336:13-45
	android:theme
		ADDED from Android/Iswtmv102/AndroidManifest.xml:337:13-77
	android:name
		ADDED from Android/Iswtmv102/AndroidManifest.xml:335:13-63
activity#com.icomp.Iswtmv10.v01c01.c01s017.C01S017_002Activity
ADDED from Android/Iswtmv102/AndroidManifest.xml:340:9-343:79
	android:label
		ADDED from Android/Iswtmv102/AndroidManifest.xml:342:13-45
	android:theme
		ADDED from Android/Iswtmv102/AndroidManifest.xml:343:13-77
	android:name
		ADDED from Android/Iswtmv102/AndroidManifest.xml:341:13-63
activity#com.icomp.Iswtmv10.v01c01.c01s017.C01S017_003Activity
ADDED from Android/Iswtmv102/AndroidManifest.xml:346:9-349:79
	android:label
		ADDED from Android/Iswtmv102/AndroidManifest.xml:348:13-45
	android:theme
		ADDED from Android/Iswtmv102/AndroidManifest.xml:349:13-77
	android:name
		ADDED from Android/Iswtmv102/AndroidManifest.xml:347:13-63
activity#com.icomp.Iswtmv10.v01c01.c01s017.C01S017_004Activity
ADDED from Android/Iswtmv102/AndroidManifest.xml:350:9-353:79
	android:label
		ADDED from Android/Iswtmv102/AndroidManifest.xml:352:13-45
	android:theme
		ADDED from Android/Iswtmv102/AndroidManifest.xml:353:13-77
	android:name
		ADDED from Android/Iswtmv102/AndroidManifest.xml:351:13-63
activity#com.icomp.Iswtmv10.v01c01.c01s018.C01S018_001Activity
ADDED from Android/Iswtmv102/AndroidManifest.xml:362:9-365:79
	android:label
		ADDED from Android/Iswtmv102/AndroidManifest.xml:364:13-45
	android:theme
		ADDED from Android/Iswtmv102/AndroidManifest.xml:365:13-77
	android:name
		ADDED from Android/Iswtmv102/AndroidManifest.xml:363:13-63
activity#com.icomp.Iswtmv10.v01c01.c01s018.C01S018_002Activity
ADDED from Android/Iswtmv102/AndroidManifest.xml:368:9-371:79
	android:label
		ADDED from Android/Iswtmv102/AndroidManifest.xml:370:13-45
	android:theme
		ADDED from Android/Iswtmv102/AndroidManifest.xml:371:13-77
	android:name
		ADDED from Android/Iswtmv102/AndroidManifest.xml:369:13-63
activity#com.icomp.Iswtmv10.v01c01.c01s018.C01S018_003Activity
ADDED from Android/Iswtmv102/AndroidManifest.xml:374:9-377:79
	android:label
		ADDED from Android/Iswtmv102/AndroidManifest.xml:376:13-45
	android:theme
		ADDED from Android/Iswtmv102/AndroidManifest.xml:377:13-77
	android:name
		ADDED from Android/Iswtmv102/AndroidManifest.xml:375:13-63
activity#com.icomp.Iswtmv10.v01c01.c01s018.C01S018_004Activity
ADDED from Android/Iswtmv102/AndroidManifest.xml:380:9-383:79
	android:label
		ADDED from Android/Iswtmv102/AndroidManifest.xml:382:13-45
	android:theme
		ADDED from Android/Iswtmv102/AndroidManifest.xml:383:13-77
	android:name
		ADDED from Android/Iswtmv102/AndroidManifest.xml:381:13-63
activity#com.icomp.Iswtmv10.v01c01.c01s018.C01S018_012Activity
ADDED from Android/Iswtmv102/AndroidManifest.xml:386:9-389:79
	android:label
		ADDED from Android/Iswtmv102/AndroidManifest.xml:388:13-45
	android:theme
		ADDED from Android/Iswtmv102/AndroidManifest.xml:389:13-77
	android:name
		ADDED from Android/Iswtmv102/AndroidManifest.xml:387:13-63
activity#com.icomp.Iswtmv10.v01c01.c01s018.C01S018_013Activity
ADDED from Android/Iswtmv102/AndroidManifest.xml:392:9-395:79
	android:label
		ADDED from Android/Iswtmv102/AndroidManifest.xml:394:13-45
	android:theme
		ADDED from Android/Iswtmv102/AndroidManifest.xml:395:13-77
	android:name
		ADDED from Android/Iswtmv102/AndroidManifest.xml:393:13-63
activity#com.icomp.Iswtmv10.v01c01.c01s019.C01S019_001Activity
ADDED from Android/Iswtmv102/AndroidManifest.xml:398:9-401:79
	android:label
		ADDED from Android/Iswtmv102/AndroidManifest.xml:400:13-45
	android:theme
		ADDED from Android/Iswtmv102/AndroidManifest.xml:401:13-77
	android:name
		ADDED from Android/Iswtmv102/AndroidManifest.xml:399:13-63
activity#com.icomp.Iswtmv10.v01c01.c01s019.C01S019_002Activity
ADDED from Android/Iswtmv102/AndroidManifest.xml:404:9-407:79
	android:label
		ADDED from Android/Iswtmv102/AndroidManifest.xml:406:13-45
	android:theme
		ADDED from Android/Iswtmv102/AndroidManifest.xml:407:13-77
	android:name
		ADDED from Android/Iswtmv102/AndroidManifest.xml:405:13-63
activity#com.icomp.Iswtmv10.v01c01.c01s019.C01S019_003Activity
ADDED from Android/Iswtmv102/AndroidManifest.xml:410:9-413:79
	android:label
		ADDED from Android/Iswtmv102/AndroidManifest.xml:412:13-45
	android:theme
		ADDED from Android/Iswtmv102/AndroidManifest.xml:413:13-77
	android:name
		ADDED from Android/Iswtmv102/AndroidManifest.xml:411:13-63
activity#com.icomp.Iswtmv10.v01c01.c01s023.C01S023_001Activity
ADDED from Android/Iswtmv102/AndroidManifest.xml:416:9-420:62
	android:label
		ADDED from Android/Iswtmv102/AndroidManifest.xml:418:13-45
	android:windowSoftInputMode
		ADDED from Android/Iswtmv102/AndroidManifest.xml:420:13-60
	android:theme
		ADDED from Android/Iswtmv102/AndroidManifest.xml:419:13-77
	android:name
		ADDED from Android/Iswtmv102/AndroidManifest.xml:417:13-63
activity#com.icomp.Iswtmv10.v01c01.c01s023.C01S023_002Activity
ADDED from Android/Iswtmv102/AndroidManifest.xml:423:9-427:62
	android:label
		ADDED from Android/Iswtmv102/AndroidManifest.xml:425:13-45
	android:windowSoftInputMode
		ADDED from Android/Iswtmv102/AndroidManifest.xml:427:13-60
	android:theme
		ADDED from Android/Iswtmv102/AndroidManifest.xml:426:13-77
	android:name
		ADDED from Android/Iswtmv102/AndroidManifest.xml:424:13-63
activity#com.icomp.Iswtmv10.v01c01.c01s023.C01S023_003Activity
ADDED from Android/Iswtmv102/AndroidManifest.xml:430:9-434:63
	android:label
		ADDED from Android/Iswtmv102/AndroidManifest.xml:432:13-45
	android:windowSoftInputMode
		ADDED from Android/Iswtmv102/AndroidManifest.xml:434:13-60
	android:theme
		ADDED from Android/Iswtmv102/AndroidManifest.xml:433:13-77
	android:name